WARNING: You're using the Ruby-based MySQL library that ships with Rails. This library is not suited for production. Please install the C-based MySQL library instead (gem install mysql).
WARNING: You're using the Ruby-based MySQL library that ships with Rails. This library is not suited for production. Please install the C-based MySQL library instead (gem install mysql).
WARNING: You're using the Ruby-based MySQL library that ships with Rails. This library is not suited for production. Please install the C-based MySQL library instead (gem install mysql).
  [4;36;1mSQL (0.000197)[0m   [0;1mSET NAMES 'utf8'[0m
  [4;35;1mSQL (0.000179)[0m   [0mSET SQL_AUTO_IS_NULL=0[0m
  [4;36;1mSQL (0.000000)[0m   [0;1mMysql::Error: #42S01Table 'schema_info' already exists: CREATE TABLE `schema_info` (version int(11))[0m
  [4;35;1mSQL (0.000000)[0m   [0mMysql::Error: #42S01Table 'schema_info' already exists: CREATE TABLE `schema_info` (version int(11))[0m
  [4;36;1mSQL (0.000439)[0m   [0;1mSELECT version FROM schema_info[0m
  [4;35;1mSQL (0.000263)[0m   [0mSELECT version FROM schema_info[0m
  [4;36;1mSQL (0.000753)[0m   [0;1mSELECT version FROM schema_info[0m
  [4;35;1mSQL (0.000631)[0m   [0mSELECT version FROM schema_info[0m
  [4;36;1mSQL (0.000261)[0m   [0;1mSELECT version FROM schema_info[0m
  [4;35;1mSQL (0.000257)[0m   [0mSELECT version FROM schema_info[0m
  [4;36;1mSQL (0.000257)[0m   [0;1mSELECT version FROM schema_info[0m
  [4;35;1mSQL (0.000280)[0m   [0mSELECT * FROM schema_info[0m
  [4;36;1mSQL (0.000472)[0m   [0;1mSHOW TABLES[0m
  [4;35;1mSQL (0.001645)[0m   [0mSHOW FIELDS FROM `computers`[0m
  [4;36;1mSQL (0.001071)[0m   [0;1mdescribe `computers`[0m
  [4;35;1mSQL (0.001015)[0m   [0mSHOW KEYS FROM `computers`[0m
  [4;36;1mSQL (0.001208)[0m   [0;1mSHOW FIELDS FROM `jobs`[0m
  [4;35;1mSQL (0.001117)[0m   [0mdescribe `jobs`[0m
  [4;36;1mSQL (0.000935)[0m   [0;1mSHOW KEYS FROM `jobs`[0m
  [4;35;1mSQL (0.001017)[0m   [0mSHOW FIELDS FROM `tasks`[0m
  [4;36;1mSQL (0.000986)[0m   [0;1mdescribe `tasks`[0m
  [4;35;1mSQL (0.000934)[0m   [0mSHOW KEYS FROM `tasks`[0m
  [4;36;1mSQL (0.001193)[0m   [0;1mSHOW FIELDS FROM `users`[0m
  [4;35;1mSQL (0.001156)[0m   [0mdescribe `users`[0m
  [4;36;1mSQL (0.000940)[0m   [0;1mSHOW KEYS FROM `users`[0m
DEPRECATION WARNING: config.action_view.cache_template_extensions option has been deprecated and has no affect. Please remove it from your config files.  See http://www.rubyonrails.org/deprecation for details. (called from send at /opt/ruby-enterprise-1.8.6-20080709/lib/ruby/gems/1.8/gems/rails-2.1.0/lib/initializer.rb:455)
DEPRECATION WARNING: config.action_view.cache_template_extensions option has been deprecated and has no affect. Please remove it from your config files.  See http://www.rubyonrails.org/deprecation for details. (called from send at /opt/ruby-enterprise-1.8.6-20080709/lib/ruby/gems/1.8/gems/rails-2.1.0/lib/initializer.rb:455)
  [4;36;1mSQL (0.000125)[0m   [0;1mSET NAMES 'utf8'[0m
  [4;35;1mSQL (0.000073)[0m   [0mSET SQL_AUTO_IS_NULL=0[0m
  [4;36;1mSQL (0.000202)[0m   [0;1mSHOW TABLES[0m
  [4;35;1mSQL (0.080944)[0m   [0mCREATE TABLE `schema_migrations` (`version` varchar(255) NOT NULL) ENGINE=InnoDB[0m
  [4;36;1mSQL (0.052142)[0m   [0;1mCREATE UNIQUE INDEX `unique_schema_migrations` ON `schema_migrations` (`version`)[0m
  [4;35;1mSQL (0.000203)[0m   [0mSHOW TABLES[0m
  [4;36;1mSQL (0.000109)[0m   [0;1mSELECT version FROM `schema_info`[0m
  [4;35;1mSQL (0.000427)[0m   [0mSELECT version FROM `schema_migrations`[0m
  [4;36;1mSQL (0.015550)[0m   [0;1mINSERT INTO `schema_migrations` (version) VALUES ('7')[0m
  [4;35;1mSQL (0.000699)[0m   [0mINSERT INTO `schema_migrations` (version) VALUES ('2')[0m
  [4;36;1mSQL (0.000808)[0m   [0;1mINSERT INTO `schema_migrations` (version) VALUES ('4')[0m
  [4;35;1mSQL (0.000681)[0m   [0mINSERT INTO `schema_migrations` (version) VALUES ('6')[0m
  [4;36;1mSQL (0.000693)[0m   [0;1mINSERT INTO `schema_migrations` (version) VALUES ('1')[0m
  [4;35;1mSQL (0.000718)[0m   [0mINSERT INTO `schema_migrations` (version) VALUES ('3')[0m
  [4;36;1mSQL (0.000821)[0m   [0;1mINSERT INTO `schema_migrations` (version) VALUES ('5')[0m
  [4;35;1mSQL (0.000162)[0m   [0mDROP TABLE `schema_info`[0m
  [4;36;1mSQL (0.000130)[0m   [0;1mSELECT version FROM schema_migrations[0m
  [4;35;1mSQL (0.000088)[0m   [0mSELECT version FROM schema_migrations[0m
  [4;36;1mSQL (0.000188)[0m   [0;1mSHOW TABLES[0m
  [4;35;1mSQL (0.000412)[0m   [0mSHOW FIELDS FROM `computers`[0m
  [4;36;1mSQL (0.000384)[0m   [0;1mdescribe `computers`[0m
  [4;35;1mSQL (0.000171)[0m   [0mSHOW KEYS FROM `computers`[0m
  [4;36;1mSQL (0.000385)[0m   [0;1mSHOW FIELDS FROM `jobs`[0m
  [4;35;1mSQL (0.000373)[0m   [0mdescribe `jobs`[0m
  [4;36;1mSQL (0.000342)[0m   [0;1mSHOW KEYS FROM `jobs`[0m
  [4;35;1mSQL (0.000336)[0m   [0mSHOW FIELDS FROM `tasks`[0m
  [4;36;1mSQL (0.000331)[0m   [0;1mdescribe `tasks`[0m
  [4;35;1mSQL (0.000159)[0m   [0mSHOW KEYS FROM `tasks`[0m
  [4;36;1mSQL (0.000408)[0m   [0;1mSHOW FIELDS FROM `users`[0m
  [4;35;1mSQL (0.000396)[0m   [0mdescribe `users`[0m
  [4;36;1mSQL (0.000155)[0m   [0;1mSHOW KEYS FROM `users`[0m
